Performing C SOURCE FILE Test CMAKE_HAVE_LIBC_PTHREAD failed with the following output:
Change Dir: /home/issacs/texasinstruments/DLP-ALC-LIGHTCRAFTER-SDK-for-Ubuntu/build/CMakeFiles/CMakeTmp

Run Build Command(s):/usr/bin/make -f Makefile cmTC_d6d1e/fast && /usr/bin/make  -f CMakeFiles/cmTC_d6d1e.dir/build.make CMakeFiles/cmTC_d6d1e.dir/build
make[1]: Entering directory '/home/issacs/texasinstruments/DLP-ALC-LIGHTCRAFTER-SDK-for-Ubuntu/build/CMakeFiles/CMakeTmp'
Building C object CMakeFiles/cmTC_d6d1e.dir/src.c.o
/usr/bin/cc -DCMAKE_HAVE_LIBC_PTHREAD   -o CMakeFiles/cmTC_d6d1e.dir/src.c.o -c /home/issacs/texasinstruments/DLP-ALC-LIGHTCRAFTER-SDK-for-Ubuntu/build/CMakeFiles/CMakeTmp/src.c
Linking C executable cmTC_d6d1e
/usr/local/bin/cmake -E cmake_link_script CMakeFiles/cmTC_d6d1e.dir/link.txt --verbose=1
/usr/bin/cc -rdynamic CMakeFiles/cmTC_d6d1e.dir/src.c.o -o cmTC_d6d1e 
/usr/bin/ld: CMakeFiles/cmTC_d6d1e.dir/src.c.o: in function `main':
src.c:(.text+0x48): undefined reference to `pthread_create'
/usr/bin/ld: src.c:(.text+0x50): undefined reference to `pthread_detach'
/usr/bin/ld: src.c:(.text+0x58): undefined reference to `pthread_cancel'
/usr/bin/ld: src.c:(.text+0x64): undefined reference to `pthread_join'
collect2: error: ld returned 1 exit status
make[1]: *** [CMakeFiles/cmTC_d6d1e.dir/build.make:99: cmTC_d6d1e] Error 1
make[1]: Leaving directory '/home/issacs/texasinstruments/DLP-ALC-LIGHTCRAFTER-SDK-for-Ubuntu/build/CMakeFiles/CMakeTmp'
make: *** [Makefile:127: cmTC_d6d1e/fast] Error 2


Source file was:
#include <pthread.h>

static void* test_func(void* data)
{
  return data;
}

int main(void)
{
  pthread_t thread;
  pthread_create(&thread, NULL, test_func, NULL);
  pthread_detach(thread);
  pthread_cancel(thread);
  pthread_join(thread, NULL);
  pthread_atfork(NULL, NULL, NULL);
  pthread_exit(NULL);

  return 0;
}

Determining if the function pthread_create exists in the pthreads failed with the following output:
Change Dir: /home/issacs/texasinstruments/DLP-ALC-LIGHTCRAFTER-SDK-for-Ubuntu/build/CMakeFiles/CMakeTmp

Run Build Command(s):/usr/bin/make -f Makefile cmTC_fcbb5/fast && /usr/bin/make  -f CMakeFiles/cmTC_fcbb5.dir/build.make CMakeFiles/cmTC_fcbb5.dir/build
make[1]: Entering directory '/home/issacs/texasinstruments/DLP-ALC-LIGHTCRAFTER-SDK-for-Ubuntu/build/CMakeFiles/CMakeTmp'
Building C object CMakeFiles/cmTC_fcbb5.dir/CheckFunctionExists.c.o
/usr/bin/cc   -DCHECK_FUNCTION_EXISTS=pthread_create -o CMakeFiles/cmTC_fcbb5.dir/CheckFunctionExists.c.o -c /usr/local/share/cmake-3.21/Modules/CheckFunctionExists.c
Linking C executable cmTC_fcbb5
/usr/local/bin/cmake -E cmake_link_script CMakeFiles/cmTC_fcbb5.dir/link.txt --verbose=1
/usr/bin/cc  -DCHECK_FUNCTION_EXISTS=pthread_create -rdynamic CMakeFiles/cmTC_fcbb5.dir/CheckFunctionExists.c.o -o cmTC_fcbb5  -lpthreads 
/usr/bin/ld: cannot find -lpthreads
collect2: error: ld returned 1 exit status
make[1]: *** [CMakeFiles/cmTC_fcbb5.dir/build.make:99: cmTC_fcbb5] Error 1
make[1]: Leaving directory '/home/issacs/texasinstruments/DLP-ALC-LIGHTCRAFTER-SDK-for-Ubuntu/build/CMakeFiles/CMakeTmp'
make: *** [Makefile:127: cmTC_fcbb5/fast] Error 2



Determining if the function glXGetProcAddressEXT exists failed with the following output:
Change Dir: /home/issacs/texasinstruments/DLP-ALC-LIGHTCRAFTER-SDK-for-Ubuntu/build/CMakeFiles/CMakeTmp

Run Build Command(s):/usr/bin/make -f Makefile cmTC_9f1cd/fast && /usr/bin/make  -f CMakeFiles/cmTC_9f1cd.dir/build.make CMakeFiles/cmTC_9f1cd.dir/build
make[1]: Entering directory '/home/issacs/texasinstruments/DLP-ALC-LIGHTCRAFTER-SDK-for-Ubuntu/build/CMakeFiles/CMakeTmp'
Building C object CMakeFiles/cmTC_9f1cd.dir/CheckFunctionExists.c.o
/usr/bin/cc   -DCHECK_FUNCTION_EXISTS=glXGetProcAddressEXT -o CMakeFiles/cmTC_9f1cd.dir/CheckFunctionExists.c.o -c /usr/local/share/cmake-3.21/Modules/CheckFunctionExists.c
Linking C executable cmTC_9f1cd
/usr/local/bin/cmake -E cmake_link_script CMakeFiles/cmTC_9f1cd.dir/link.txt --verbose=1
/usr/bin/cc  -DCHECK_FUNCTION_EXISTS=glXGetProcAddressEXT -rdynamic CMakeFiles/cmTC_9f1cd.dir/CheckFunctionExists.c.o -o cmTC_9f1cd  /usr/lib/aarch64-linux-gnu/libGL.so 
/usr/bin/ld: CMakeFiles/cmTC_9f1cd.dir/CheckFunctionExists.c.o: in function `main':
CheckFunctionExists.c:(.text+0x10): undefined reference to `glXGetProcAddressEXT'
collect2: error: ld returned 1 exit status
make[1]: *** [CMakeFiles/cmTC_9f1cd.dir/build.make:100: cmTC_9f1cd] Error 1
make[1]: Leaving directory '/home/issacs/texasinstruments/DLP-ALC-LIGHTCRAFTER-SDK-for-Ubuntu/build/CMakeFiles/CMakeTmp'
make: *** [Makefile:127: cmTC_9f1cd/fast] Error 2



